<?xml version="1.0" encoding="UTF-8"?>
<testsuite xmlns:xsi="http://www.w3.org/2001/XMLSchema-instance" xsi:noNamespaceSchemaLocation="https://maven.apache.org/surefire/maven-surefire-plugin/xsd/surefire-test-report.xsd" version="3.0.2" name="com.nathan.taskzen.TaskzenApplicationTests" time="10.536" tests="1" errors="0" skipped="0" failures="0">
  <properties>
[...]
</properties>
  <testcase name="contextLoads" classname="com.nathan.taskzen.TaskzenApplicationTests" time="0.767">
    <system-out><![CDATA[18:42:55.186 [main] INFO org.springframework.test.context.support.AnnotationConfigContextLoaderUtils -- Could not detect default configuration classes for test class [com.nathan.taskzen.TaskzenApplicationTests]: TaskzenApplicationTests does not declare any static, non-private, non-final, nested classes annotated with @Configuration.
18:42:55.527 [main] INFO org.springframework.boot.test.context.SpringBootTestContextBootstrapper -- Found @SpringBootConfiguration com.nathan.taskzen.TaskzenApplication for test class com.nathan.taskzen.TaskzenApplicationTests
18:42:55.880 [main] INFO org.springframework.boot.devtools.restart.RestartApplicationListener -- Restart disabled due to context in which it is running

  .   ____          _            __ _ _
 /\\ / ___'_ __ _ _(_)_ __  __ _ \ \ \ \
( ( )\___ | '_ | '_| | '_ \/ _` | \ \ \ \
 \\/  ___)| |_)| | | | | || (_| |  ) ) ) )
  '  |____| .__|_| |_|_| |_\__, | / / / /
 =========|_|==============|___/=/_/_/_/

 :: Spring Boot ::                (v3.5.0)

2025-07-22T18:42:56.483+05:30  INFO 29416 --- [taskzen] [           main] c.n.taskzen.TaskzenApplicationTests      : Starting TaskzenApplicationTests using Java 21.0.7 with PID 29416 (started by nathan.israel.kandru in C:\SpringProject\TaskZenV2)
2025-07-22T18:42:56.486+05:30  INFO 29416 --- [taskzen] [           main] c.n.taskzen.TaskzenApplicationTests      : No active profile set, falling back to 1 default profile: "default"
2025-07-22T18:42:56.588+05:30 DEBUG 29416 --- [taskzen] [           main] o.s.w.c.s.GenericWebApplicationContext   : Refreshing org.springframework.web.context.support.GenericWebApplicationContext@304a9d7b
2025-07-22T18:42:58.547+05:30  INFO 29416 --- [taskzen] [           main] .s.d.r.c.RepositoryConfigurationDelegate : Bootstrapping Spring Data JPA repositories in DEFAULT mode.
2025-07-22T18:42:58.660+05:30  INFO 29416 --- [taskzen] [           main] .s.d.r.c.RepositoryConfigurationDelegate : Finished Spring Data repository scanning in 90 ms. Found 1 JPA repository interface.
2025-07-22T18:42:59.558+05:30  INFO 29416 --- [taskzen] [           main] o.hibernate.jpa.internal.util.LogHelper  : HHH000204: Processing PersistenceUnitInfo [name: default]
2025-07-22T18:42:59.715+05:30  INFO 29416 --- [taskzen] [           main] org.hibernate.Version                    : HHH000412: Hibernate ORM core version 6.6.15.Final
2025-07-22T18:42:59.790+05:30  INFO 29416 --- [taskzen] [           main] o.h.c.internal.RegionFactoryInitiator    : HHH000026: Second-level cache disabled
2025-07-22T18:43:00.519+05:30  INFO 29416 --- [taskzen] [           main] o.s.o.j.p.SpringPersistenceUnitInfo      : No LoadTimeWeaver setup: ignoring JPA class transformer
2025-07-22T18:43:00.592+05:30  INFO 29416 --- [taskzen] [           main] com.zaxxer.hikari.HikariDataSource       : HikariPool-1 - Starting...
2025-07-22T18:43:01.195+05:30  INFO 29416 --- [taskzen] [           main] com.zaxxer.hikari.pool.HikariPool        : HikariPool-1 - Added connection com.mysql.cj.jdbc.ConnectionImpl@3c87e851
2025-07-22T18:43:01.199+05:30  INFO 29416 --- [taskzen] [           main] com.zaxxer.hikari.HikariDataSource       : HikariPool-1 - Start completed.
2025-07-22T18:43:01.291+05:30  WARN 29416 --- [taskzen] [           main] org.hibernate.orm.deprecation            : HHH90000025: MySQLDialect does not need to be specified explicitly using 'hibernate.dialect' (remove the property setting and it will be selected by default)
2025-07-22T18:43:01.325+05:30  INFO 29416 --- [taskzen] [           main] org.hibernate.orm.connections.pooling    : HHH10001005: Database info:
	Database JDBC URL [Connecting through datasource 'HikariDataSource (HikariPool-1)']
	Database driver: undefined/unknown
	Database version: 8.4
	Autocommit mode: undefined/unknown
	Isolation level: undefined/unknown
	Minimum pool size: undefined/unknown
	Maximum pool size: undefined/unknown
2025-07-22T18:43:02.831+05:30  INFO 29416 --- [taskzen] [           main] o.h.e.t.j.p.i.JtaPlatformInitiator       : HHH000489: No JTA platform available (set 'hibernate.transaction.jta.platform' to enable JTA platform integration)
2025-07-22T18:43:02.904+05:30  INFO 29416 --- [taskzen] [           main] j.LocalContainerEntityManagerFactoryBean : Initialized JPA EntityManagerFactory for persistence unit 'default'
2025-07-22T18:43:03.552+05:30  WARN 29416 --- [taskzen] [           main] JpaBaseConfiguration$JpaWebConfiguration : spring.jpa.open-in-view is enabled by default. Therefore, database queries may be performed during view rendering. Explicitly configure spring.jpa.open-in-view to disable this warning
2025-07-22T18:43:03.769+05:30 DEBUG 29416 --- [taskzen] [           main] s.w.s.m.m.a.RequestMappingHandlerMapping : 13 mappings in 'requestMappingHandlerMapping'
2025-07-22T18:43:03.962+05:30 DEBUG 29416 --- [taskzen] [           main] o.s.w.s.handler.SimpleUrlHandlerMapping  : Patterns [/webjars/**, /**, /swag/swagger-ui*/*swagger-initializer.js, /swag/swagger-ui*/**] in 'resourceHandlerMapping'
2025-07-22T18:43:04.006+05:30 DEBUG 29416 --- [taskzen] [           main] s.w.s.m.m.a.RequestMappingHandlerAdapter : ControllerAdvice beans: 0 @ModelAttribute, 0 @InitBinder, 1 RequestBodyAdvice, 1 ResponseBodyAdvice
2025-07-22T18:43:04.094+05:30 DEBUG 29416 --- [taskzen] [           main] .m.m.a.ExceptionHandlerExceptionResolver : ControllerAdvice beans: 2 @ExceptionHandler, 1 ResponseBodyAdvice
2025-07-22T18:43:04.362+05:30  INFO 29416 --- [taskzen] [           main] c.n.taskzen.TaskzenApplicationTests      : Started TaskzenApplicationTests in 8.51 seconds (process running for 12.796)
]]></system-out>
    <system-err><![CDATA[Mockito is currently self-attaching to enable the inline-mock-maker. This will no longer work in future releases of the JDK. Please add Mockito as an agent to your build as described in Mockito's documentation: https://javadoc.io/doc/org.mockito/mockito-core/latest/org.mockito/org/mockito/Mockito.html#0.3
WARNING: A Java agent has been loaded dynamically (C:\Users\nathan.israel.kandru\.m2\repository\net\bytebuddy\byte-buddy-agent\1.17.5\byte-buddy-agent-1.17.5.jar)
WARNING: If a serviceability tool is in use, please run with -XX:+EnableDynamicAgentLoading to hide this warning
WARNING: If a serviceability tool is not in use, please run with -Djdk.instrument.traceUsage for more information
WARNING: Dynamic loading of agents will be disallowed by default in a future release
]]></system-err>
  </testcase>
</testsuite>